port3333 is watching
port3333 is watching
port3333 is watching
port3333 is watching
a client connect
1489024538928653 进入系统
port3333 is watching
port3333 is watching
a client connect
port3333 is watching
a client connect
port3333 is watching
a client connect
port3333 is watching
a client connect
port3333 is watching
a client connect
port3333 is watching
a client connect
apple预定会议室
apple预定会议室成功
port3333 is watching
port3333 is watching
a client connect
port3333 is watching
a client connect
port3333 is watching
a client connect
port3333 is watching
a client connect
port3333 is watching
a client connect
port3333 is watching
a client connect
port3333 is watching
a client connect
port3333 is watching
a client connect
port3333 is watching
port3333 is watching
a client connect
backuped completely, ready to delete orgin..
new day is starting, good luck
port3333 is watching
a client connect
port3333 is watching
a client connect
port3333 is watching
port3333 is watching
a client connect
port3333 is watching
port3333 is watching
a client connect
port3333 is watching
a client connect
port3333 is watching
a client connect
undefined 不存在
kszc581TGYDQl7dnAAAA 退出系统
a client connect
1489025019564347 进入系统
1489025019564347 已删除
QYxtQ3x6nGKlE-9oAAAB 退出系统
port3333 is watching
port3333 is watching
port3333 is watching
a client connect
1489025097710817 进入系统
1489025097710817 已删除
-30BOaAafyvd82o-AAAA 退出系统
a client connect
1489025101647357 进入系统
1489025101647357 已删除
VWNKpTvVbMIMS6sNAAAB 退出系统
a client connect
1489025105447449 进入系统
apple预定会议室
apple预定会议室成功
1489025105447449 已删除
7S4LvyteacgiLCu8AAAC 退出系统
port3333 is watching
port3333 is watching
port3333 is watching
port3333 is watching
port3333 is watching
a client connect
1489029220499167 进入系统
1489029220499167 已删除
BWeZTZlgz80bt5gKAAAA 退出系统
port3333 is watching
port3333 is watching
port3333 is watching
port3333 is watching
